{"meta": {"format": 2, "version": "7.4.4", "timestamp": "2024-03-15T08:34:31.768832", "branch_coverage": true, "show_contexts": false}, "files": {"poly_llm\\to_test\\file_name_check.py": {"executed_lines": [16, 17, 18, 20, 21], "summary": {"covered_lines": 5, "num_statements": 15, "percent_covered": 25.925925925925927, "percent_covered_display": "26", "missing_lines": 10, "excluded_lines": 5, "num_branches": 12, "num_partial_branches": 2, "covered_branches": 2, "missing_branches": 10}, "missing_lines": [2, 19, 22, 23, 24, 25, 26, 27, 28, 29], "excluded_lines": [31, 32, 33, 34, 35], "executed_branches": [[18, 20], [20, 21]], "missing_branches": [[18, 19], [20, 22], [22, 23], [22, 24], [24, 25], [24, 26], [26, -26], [26, 27], [27, 28], [27, 29]]}}, "totals": {"covered_lines": 5, "num_statements": 15, "percent_covered": 25.925925925925927, "percent_covered_display": "26", "missing_lines": 10, "excluded_lines": 5, "num_branches": 12, "num_partial_branches": 2, "covered_branches": 2, "missing_branches": 10}}