{"meta": {"format": 2, "version": "7.4.4", "timestamp": "2024-03-28T13:28:32.498364", "branch_coverage": true, "show_contexts": false}, "files": {"poly_llm\\to_test\\separate_paren_groups.py": {"executed_lines": [11, 12, 13, 15, 16, 17, 18, 19, 20, 21, 23, 24, 25, 27], "summary": {"covered_lines": 14, "num_statements": 16, "percent_covered": 87.5, "percent_covered_display": "88", "missing_lines": 2, "excluded_lines": 3, "num_branches": 8, "num_partial_branches": 1, "covered_branches": 7, "missing_branches": 1}, "missing_lines": [1, 3], "excluded_lines": [29, 30, 33], "executed_branches": [[15, 16], [15, 27], [16, 17], [16, 19], [19, 20], [23, 15], [23, 24]], "missing_branches": [[19, 15]]}, "test_generated.py": {"executed_lines": [14], "summary": {"covered_lines": 1, "num_statements": 14, "percent_covered": 7.142857142857143, "percent_covered_display": "7", "missing_lines": 13, "excluded_lines": 0, "num_branches": 0, "num_partial_branches": 0, "covered_branches": 0, "missing_branches": 0}, "missing_lines": [1, 2, 3, 4, 5, 6, 7, 8, 9, 10, 11, 12, 13], "excluded_lines": [], "executed_branches": [], "missing_branches": []}}, "totals": {"covered_lines": 15, "num_statements": 30, "percent_covered": 57.89473684210526, "percent_covered_display": "58", "missing_lines": 15, "excluded_lines": 3, "num_branches": 8, "num_partial_branches": 1, "covered_branches": 7, "missing_branches": 1}}